# JRE version: OpenJDK Runtime Environment (7.0_65-b32) (build 1.7.0_65-b32)
# Java VM: OpenJDK 64-Bit Server VM (24.65-b04 mixed mode linux-amd64 compressed oops)
Heap
 PSYoungGen      total 103936K, used 2272K [0x00000000f0280000, 0x00000000f6d80000, 0x0000000100000000)
  eden space 98304K, 0% used [0x00000000f0280000,0x00000000f0280000,0x00000000f6280000)
  from space 5632K, 40% used [0x00000000f6280000,0x00000000f64b8000,0x00000000f6800000)
  to   space 5632K, 0% used [0x00000000f6800000,0x00000000f6800000,0x00000000f6d80000)
 ParOldGen       total 32256K, used 9100K [0x00000000d0800000, 0x00000000d2780000, 0x00000000f0280000)
  object space 32256K, 28% used [0x00000000d0800000,0x00000000d10e31b0,0x00000000d2780000)
 PSPermGen       total 21504K, used 15693K [0x00000000c6200000, 0x00000000c7700000, 0x00000000d0800000)
  object space 21504K, 72% used [0x00000000c6200000,0x00000000c7153460,0x00000000c7700000)
GC Heap History (10 events):
Event: 1.479 GC heap after
Heap after GC invocations=2 (full 0):
 PSYoungGen      total 26624K, used 2048K [0x00000000f0280000, 0x00000000f1e80000, 0x0000000100000000)
  eden space 24576K, 0% used [0x00000000f0280000,0x00000000f0280000,0x00000000f1a80000)
  from space 2048K, 100% used [0x00000000f1c80000,0x00000000f1e80000,0x00000000f1e80000)
  to   space 2048K, 0% used [0x00000000f1a80000,0x00000000f1a80000,0x00000000f1c80000)
 ParOldGen       total 32256K, used 2559K [0x00000000d0800000, 0x00000000d2780000, 0x00000000f0280000)
  object space 32256K, 7% used [0x00000000d0800000,0x00000000d0a7fde8,0x00000000d2780000)
 PSPermGen       total 21504K, used 8859K [0x00000000c6200000, 0x00000000c7700000, 0x00000000d0800000)
  object space 21504K, 41% used [0x00000000c6200000,0x00000000c6aa6f18,0x00000000c7700000)
}
Event: 2.172 GC heap before
{Heap before GC invocations=3 (full 0):
 PSYoungGen      total 26624K, used 26624K [0x00000000f0280000, 0x00000000f1e80000, 0x0000000100000000)
  eden space 24576K, 100% used [0x00000000f0280000,0x00000000f1a80000,0x00000000f1a80000)
  from space 2048K, 100% used [0x00000000f1c80000,0x00000000f1e80000,0x00000000f1e80000)
  to   space 2048K, 0% used [0x00000000f1a80000,0x00000000f1a80000,0x00000000f1c80000)
 ParOldGen       total 32256K, used 2559K [0x00000000d0800000, 0x00000000d2780000, 0x00000000f0280000)
  object space 32256K, 7% used [0x00000000d0800000,0x00000000d0a7fde8,0x00000000d2780000)
 PSPermGen       total 21504K, used 12135K [0x00000000c6200000, 0x00000000c7700000, 0x00000000d0800000)
  object space 21504K, 56% used [0x00000000c6200000,0x00000000c6dd9ef0,0x00000000c7700000)
Event: 2.192 GC heap after
Heap after GC invocations=3 (full 0):
 PSYoungGen      total 26624K, used 2016K [0x00000000f0280000, 0x00000000f3680000, 0x0000000100000000)
  eden space 24576K, 0% used [0x00000000f0280000,0x00000000f0280000,0x00000000f1a80000)
  from space 2048K, 98% used [0x00000000f1a80000,0x00000000f1c78020,0x00000000f1c80000)
  to   space 2048K, 0% used [0x00000000f3480000,0x00000000f3480000,0x00000000f3680000)
 ParOldGen       total 32256K, used 5979K [0x00000000d0800000, 0x00000000d2780000, 0x00000000f0280000)
  object space 32256K, 18% used [0x00000000d0800000,0x00000000d0dd6ef0,0x00000000d2780000)
 PSPermGen       total 21504K, used 12135K [0x00000000c6200000, 0x00000000c7700000, 0x00000000d0800000)
  object space 21504K, 56% used [0x00000000c6200000,0x00000000c6dd9ef0,0x00000000c7700000)
}
Event: 2.710 GC heap before
{Heap before GC invocations=4 (full 0):
 PSYoungGen      total 26624K, used 26592K [0x00000000f0280000, 0x00000000f3680000, 0x0000000100000000)
  eden space 24576K, 100% used [0x00000000f0280000,0x00000000f1a80000,0x00000000f1a80000)
  from space 2048K, 98% used [0x00000000f1a80000,0x00000000f1c78020,0x00000000f1c80000)
  to   space 2048K, 0% used [0x00000000f3480000,0x00000000f3480000,0x00000000f3680000)
 ParOldGen       total 32256K, used 5979K [0x00000000d0800000, 0x00000000d2780000, 0x00000000f0280000)
  object space 32256K, 18% used [0x00000000d0800000,0x00000000d0dd6ef0,0x00000000d2780000)
 PSPermGen       total 21504K, used 12751K [0x00000000c6200000, 0x00000000c7700000, 0x00000000d0800000)
  object space 21504K, 59% used [0x00000000c6200000,0x00000000c6e73ca8,0x00000000c7700000)
Event: 2.726 GC heap after
Heap after GC invocations=4 (full 0):
 PSYoungGen      total 51200K, used 2048K [0x00000000f0280000, 0x00000000f3680000, 0x0000000100000000)
  eden space 49152K, 0% used [0x00000000f0280000,0x00000000f0280000,0x00000000f3280000)
  from space 2048K, 100% used [0x00000000f3480000,0x00000000f3680000,0x00000000f3680000)
  to   space 2048K, 0% used [0x00000000f3280000,0x00000000f3280000,0x00000000f3480000)
 ParOldGen       total 32256K, used 7155K [0x00000000d0800000, 0x00000000d2780000, 0x00000000f0280000)
  object space 32256K, 22% used [0x00000000d0800000,0x00000000d0efce28,0x00000000d2780000)
 PSPermGen       total 21504K, used 12751K [0x00000000c6200000, 0x00000000c7700000, 0x00000000d0800000)
  object space 21504K, 59% used [0x00000000c6200000,0x00000000c6e73ca8,0x00000000c7700000)
}
Event: 3.565 GC heap before
{Heap before GC invocations=5 (full 0):
 PSYoungGen      total 51200K, used 51200K [0x00000000f0280000, 0x00000000f3680000, 0x0000000100000000)
  eden space 49152K, 100% used [0x00000000f0280000,0x00000000f3280000,0x00000000f3280000)
  from space 2048K, 100% used [0x00000000f3480000,0x00000000f3680000,0x00000000f3680000)
  to   space 2048K, 0% used [0x00000000f3280000,0x00000000f3280000,0x00000000f3480000)
 ParOldGen       total 32256K, used 7155K [0x00000000d0800000, 0x00000000d2780000, 0x00000000f0280000)
  object space 32256K, 22% used [0x00000000d0800000,0x00000000d0efce28,0x00000000d2780000)
 PSPermGen       total 21504K, used 13746K [0x00000000c6200000, 0x00000000c7700000, 0x00000000d0800000)
  object space 21504K, 63% used [0x00000000c6200000,0x00000000c6f6cad8,0x00000000c7700000)
Event: 3.581 GC heap after
Heap after GC invocations=5 (full 0):
 PSYoungGen      total 51200K, used 2032K [0x00000000f0280000, 0x00000000f6d80000, 0x0000000100000000)
  eden space 49152K, 0% used [0x00000000f0280000,0x00000000f0280000,0x00000000f3280000)
  from space 2048K, 99% used [0x00000000f3280000,0x00000000f347c010,0x00000000f3480000)
  to   space 5632K, 0% used [0x00000000f6800000,0x00000000f6800000,0x00000000f6d80000)
 ParOldGen       total 32256K, used 8011K [0x00000000d0800000, 0x00000000d2780000, 0x00000000f0280000)
  object space 32256K, 24% used [0x00000000d0800000,0x00000000d0fd2e88,0x00000000d2780000)
 PSPermGen       total 21504K, used 13746K [0x00000000c6200000, 0x00000000c7700000, 0x00000000d0800000)
  object space 21504K, 63% used [0x00000000c6200000,0x00000000c6f6cad8,0x00000000c7700000)
}
Event: 4.249 GC heap before
{Heap before GC invocations=6 (full 0):
 PSYoungGen      total 51200K, used 51184K [0x00000000f0280000, 0x00000000f6d80000, 0x0000000100000000)
  eden space 49152K, 100% used [0x00000000f0280000,0x00000000f3280000,0x00000000f3280000)
  from space 2048K, 99% used [0x00000000f3280000,0x00000000f347c010,0x00000000f3480000)
  to   space 5632K, 0% used [0x00000000f6800000,0x00000000f6800000,0x00000000f6d80000)
 ParOldGen       total 32256K, used 8011K [0x00000000d0800000, 0x00000000d2780000, 0x00000000f0280000)
  object space 32256K, 24% used [0x00000000d0800000,0x00000000d0fd2e88,0x00000000d2780000)
 PSPermGen       total 21504K, used 14750K [0x00000000c6200000, 0x00000000c7700000, 0x00000000d0800000)
  object space 21504K, 68% used [0x00000000c6200000,0x00000000c7067948,0x00000000c7700000)
Event: 4.293 GC heap after
Heap after GC invocations=6 (full 0):
 PSYoungGen      total 103936K, used 3040K [0x00000000f0280000, 0x00000000f6d80000, 0x0000000100000000)
  eden space 98304K, 0% used [0x00000000f0280000,0x00000000f0280000,0x00000000f6280000)
  from space 5632K, 53% used [0x00000000f6800000,0x00000000f6af8000,0x00000000f6d80000)
  to   space 5632K, 0% used [0x00000000f6280000,0x00000000f6280000,0x00000000f6800000)
 ParOldGen       total 32256K, used 8011K [0x00000000d0800000, 0x00000000d2780000, 0x00000000f0280000)
  object space 32256K, 24% used [0x00000000d0800000,0x00000000d0fd2e88,0x00000000d2780000)
 PSPermGen       total 21504K, used 14750K [0x00000000c6200000, 0x00000000c7700000, 0x00000000d0800000)
  object space 21504K, 68% used [0x00000000c6200000,0x00000000c7067948,0x00000000c7700000)
}
Event: 6.852 GC heap before
{Heap before GC invocations=7 (full 0):
 PSYoungGen      total 103936K, used 101344K [0x00000000f0280000, 0x00000000f6d80000, 0x0000000100000000)
  eden space 98304K, 100% used [0x00000000f0280000,0x00000000f6280000,0x00000000f6280000)
  from space 5632K, 53% used [0x00000000f6800000,0x00000000f6af8000,0x00000000f6d80000)
  to   space 5632K, 0% used [0x00000000f6280000,0x00000000f6280000,0x00000000f6800000)
 ParOldGen       total 32256K, used 8011K [0x00000000d0800000, 0x00000000d2780000, 0x00000000f0280000)
  object space 32256K, 24% used [0x00000000d0800000,0x00000000d0fd2e88,0x00000000d2780000)
 PSPermGen       total 21504K, used 15693K [0x00000000c6200000, 0x00000000c7700000, 0x00000000d0800000)
  object space 21504K, 72% used [0x00000000c6200000,0x00000000c7153460,0x00000000c7700000)

